# JRE version: OpenJDK Runtime Environment Temurin-21.0.8+9 (21.0.8+9) (build 21.0.8+9-LTS)
# Java VM: OpenJDK 64-Bit Server VM Temurin-21.0.8+9 (21.0.8+9-LTS, mixed mode, emulated-client, sharing, tiered, compressed oops, compressed class ptrs, g1 gc, windows-amd64)
GC Precious Log:
 CardTable entry size: 512
 Card Set container configuration: InlinePtr #cards 4 size 8 Array Of Cards #cards 16 size 48 Howl #buckets 8 coarsen threshold 3686 Howl Bitmap #cards 512 size 80 coarsen threshold 460 Card regions per heap region 1 cards per card region 4096
 CPUs: 16 total, 16 available
 Memory: 16226M
 Large Page Support: Disabled
 NUMA Support: Disabled
 Compressed Oops: Enabled (Zero based)
 Heap Region Size: 2M
 Heap Min Capacity: 8M
 Heap Initial Capacity: 254M
 Heap Max Capacity: 4058M
 Pre-touch: Disabled
 Parallel Workers: 13
 Concurrent Workers: 3
 Concurrent Refinement Workers: 13
 Periodic GC: Disabled
Heap:
 garbage-first heap   total 172032K, used 74672K [0x0000000702600000, 0x0000000800000000)
  region size 2048K, 10 young (20480K), 2 survivors (4096K)
 Metaspace       used 110309K, committed 111552K, reserved 1179648K
  class space    used 13293K, committed 13888K, reserved 1048576K
GC Heap History (20 events):
Event: 2939.125 GC heap before
{Heap before GC invocations=199 (full 29):
 garbage-first heap   total 172032K, used 140311K [0x0000000702600000, 0x0000000800000000)
  region size 2048K, 46 young (94208K), 4 survivors (8192K)
 Metaspace       used 107563K, committed 108800K, reserved 1179648K
  class space    used 13075K, committed 13632K, reserved 1048576K
}
Event: 2939.127 GC heap after
{Heap after GC invocations=200 (full 29):
 garbage-first heap   total 172032K, used 57990K [0x0000000702600000, 0x0000000800000000)
  region size 2048K, 5 young (10240K), 5 survivors (10240K)
 Metaspace       used 107563K, committed 108800K, reserved 1179648K
  class space    used 13075K, committed 13632K, reserved 1048576K
}
Event: 2947.377 GC heap before
{Heap before GC invocations=200 (full 29):
 garbage-first heap   total 172032K, used 139910K [0x0000000702600000, 0x0000000800000000)
  region size 2048K, 45 young (92160K), 5 survivors (10240K)
 Metaspace       used 107602K, committed 108864K, reserved 1179648K
  class space    used 13087K, committed 13632K, reserved 1048576K
}
Event: 2947.379 GC heap after
{Heap after GC invocations=201 (full 29):
 garbage-first heap   total 172032K, used 58118K [0x0000000702600000, 0x0000000800000000)
  region size 2048K, 2 young (4096K), 2 survivors (4096K)
 Metaspace       used 107602K, committed 108864K, reserved 1179648K
  class space    used 13087K, committed 13632K, reserved 1048576K
}
Event: 2974.996 GC heap before
{Heap before GC invocations=201 (full 29):
 garbage-first heap   total 172032K, used 76550K [0x0000000702600000, 0x0000000800000000)
  region size 2048K, 12 young (24576K), 2 survivors (4096K)
 Metaspace       used 107773K, committed 109056K, reserved 1179648K
  class space    used 13091K, committed 13632K, reserved 1048576K
}
Event: 2975.031 GC heap after
{Heap after GC invocations=202 (full 30):
 garbage-first heap   total 172032K, used 54918K [0x0000000702600000, 0x0000000800000000)
  region size 2048K, 0 young (0K), 0 survivors (0K)
 Metaspace       used 107746K, committed 109056K, reserved 1179648K
  class space    used 13087K, committed 13632K, reserved 1048576K
}
Event: 2975.632 GC heap before
{Heap before GC invocations=202 (full 30):
 garbage-first heap   total 172032K, used 149126K [0x0000000702600000, 0x0000000800000000)
  region size 2048K, 46 young (94208K), 0 survivors (0K)
 Metaspace       used 108095K, committed 109376K, reserved 1179648K
  class space    used 13132K, committed 13696K, reserved 1048576K
}
Event: 2975.635 GC heap after
{Heap after GC invocations=203 (full 30):
 garbage-first heap   total 172032K, used 61062K [0x0000000702600000, 0x0000000800000000)
  region size 2048K, 3 young (6144K), 3 survivors (6144K)
 Metaspace       used 108095K, committed 109376K, reserved 1179648K
  class space    used 13132K, committed 13696K, reserved 1048576K
}
Event: 2975.789 GC heap before
{Heap before GC invocations=204 (full 30):
 garbage-first heap   total 172032K, used 145030K [0x0000000702600000, 0x0000000800000000)
  region size 2048K, 45 young (92160K), 3 survivors (6144K)
 Metaspace       used 108835K, committed 110144K, reserved 1179648K
  class space    used 13177K, committed 13760K, reserved 1048576K
}
Event: 2975.792 GC heap after
{Heap after GC invocations=205 (full 30):
 garbage-first heap   total 172032K, used 63110K [0x0000000702600000, 0x0000000800000000)
  region size 2048K, 4 young (8192K), 4 survivors (8192K)
 Metaspace       used 108835K, committed 110144K, reserved 1179648K
  class space    used 13177K, committed 13760K, reserved 1048576K
}
Event: 2983.330 GC heap before
{Heap before GC invocations=205 (full 30):
 garbage-first heap   total 172032K, used 145030K [0x0000000702600000, 0x0000000800000000)
  region size 2048K, 44 young (90112K), 4 survivors (8192K)
 Metaspace       used 108872K, committed 110144K, reserved 1179648K
  class space    used 13188K, committed 13760K, reserved 1048576K
}
Event: 2983.332 GC heap after
{Heap after GC invocations=206 (full 30):
 garbage-first heap   total 172032K, used 61516K [0x0000000702600000, 0x0000000800000000)
  region size 2048K, 2 young (4096K), 2 survivors (4096K)
 Metaspace       used 108872K, committed 110144K, reserved 1179648K
  class space    used 13188K, committed 13760K, reserved 1048576K
}
Event: 3030.160 GC heap before
{Heap before GC invocations=206 (full 30):
 garbage-first heap   total 172032K, used 84044K [0x0000000702600000, 0x0000000800000000)
  region size 2048K, 14 young (28672K), 2 survivors (4096K)
 Metaspace       used 109041K, committed 110272K, reserved 1179648K
  class space    used 13190K, committed 13760K, reserved 1048576K
}
Event: 3030.195 GC heap after
{Heap after GC invocations=207 (full 31):
 garbage-first heap   total 172032K, used 55231K [0x0000000702600000, 0x0000000800000000)
  region size 2048K, 0 young (0K), 0 survivors (0K)
 Metaspace       used 109014K, committed 110272K, reserved 1179648K
  class space    used 13185K, committed 13760K, reserved 1048576K
}
Event: 3030.808 GC heap before
{Heap before GC invocations=207 (full 31):
 garbage-first heap   total 172032K, used 151487K [0x0000000702600000, 0x0000000800000000)
  region size 2048K, 48 young (98304K), 0 survivors (0K)
 Metaspace       used 109373K, committed 110656K, reserved 1179648K
  class space    used 13233K, committed 13824K, reserved 1048576K
}
Event: 3030.811 GC heap after
{Heap after GC invocations=208 (full 31):
 garbage-first heap   total 172032K, used 61790K [0x0000000702600000, 0x0000000800000000)
  region size 2048K, 4 young (8192K), 4 survivors (8192K)
 Metaspace       used 109373K, committed 110656K, reserved 1179648K
  class space    used 13233K, committed 13824K, reserved 1048576K
}
Event: 3030.980 GC heap before
{Heap before GC invocations=209 (full 31):
 garbage-first heap   total 172032K, used 145758K [0x0000000702600000, 0x0000000800000000)
  region size 2048K, 45 young (92160K), 4 survivors (8192K)
 Metaspace       used 110121K, committed 111360K, reserved 1179648K
  class space    used 13279K, committed 13824K, reserved 1048576K
}
Event: 3030.983 GC heap after
{Heap after GC invocations=210 (full 31):
 garbage-first heap   total 172032K, used 63788K [0x0000000702600000, 0x0000000800000000)
  region size 2048K, 5 young (10240K), 5 survivors (10240K)
 Metaspace       used 110121K, committed 111360K, reserved 1179648K
  class space    used 13279K, committed 13824K, reserved 1048576K
}
Event: 3039.400 GC heap before
{Heap before GC invocations=210 (full 31):
 garbage-first heap   total 172032K, used 143660K [0x0000000702600000, 0x0000000800000000)
  region size 2048K, 44 young (90112K), 5 survivors (10240K)
 Metaspace       used 110162K, committed 111424K, reserved 1179648K
  class space    used 13293K, committed 13888K, reserved 1048576K
}
Event: 3039.407 GC heap after
{Heap after GC invocations=211 (full 31):
 garbage-first heap   total 172032K, used 62384K [0x0000000702600000, 0x0000000800000000)
  region size 2048K, 2 young (4096K), 2 survivors (4096K)
 Metaspace       used 110162K, committed 111424K, reserved 1179648K
  class space    used 13293K, committed 13888K, reserved 1048576K
}

