# JRE version: OpenJDK Runtime Environment Temurin-21.0.8+9 (21.0.8+9) (build 21.0.8+9-LTS)
# Java VM: OpenJDK 64-Bit Server VM Temurin-21.0.8+9 (21.0.8+9-LTS, mixed mode, emulated-client, sharing, tiered, compressed oops, compressed class ptrs, g1 gc, windows-amd64)
GC Precious Log:
 CardTable entry size: 512
 Card Set container configuration: InlinePtr #cards 4 size 8 Array Of Cards #cards 16 size 48 Howl #buckets 8 coarsen threshold 3686 Howl Bitmap #cards 512 size 80 coarsen threshold 460 Card regions per heap region 1 cards per card region 4096
 CPUs: 16 total, 16 available
 Memory: 16226M
 Large Page Support: Disabled
 NUMA Support: Disabled
 Compressed Oops: Enabled (Zero based)
 Heap Region Size: 2M
 Heap Min Capacity: 8M
 Heap Initial Capacity: 254M
 Heap Max Capacity: 4058M
 Pre-touch: Disabled
 Parallel Workers: 13
 Concurrent Workers: 3
 Concurrent Refinement Workers: 13
 Periodic GC: Disabled
Heap:
 garbage-first heap   total 131072K, used 112611K [0x0000000702600000, 0x0000000800000000)
  region size 2048K, 35 young (71680K), 3 survivors (6144K)
 Metaspace       used 83732K, committed 84672K, reserved 1179648K
  class space    used 10949K, committed 11392K, reserved 1048576K
GC Heap History (20 events):
Event: 10073.787 GC heap after
{Heap after GC invocations=111 (full 2):
 garbage-first heap   total 131072K, used 48331K [0x0000000702600000, 0x0000000800000000)
  region size 2048K, 2 young (4096K), 2 survivors (4096K)
 Metaspace       used 80564K, committed 81472K, reserved 1179648K
  class space    used 10675K, committed 11072K, reserved 1048576K
}
Event: 10073.943 GC heap before
{Heap before GC invocations=111 (full 2):
 garbage-first heap   total 131072K, used 109771K [0x0000000702600000, 0x0000000800000000)
  region size 2048K, 33 young (67584K), 2 survivors (4096K)
 Metaspace       used 81245K, committed 82176K, reserved 1179648K
  class space    used 10720K, committed 11136K, reserved 1048576K
}
Event: 10073.945 GC heap after
{Heap after GC invocations=112 (full 2):
 garbage-first heap   total 131072K, used 49802K [0x0000000702600000, 0x0000000800000000)
  region size 2048K, 3 young (6144K), 3 survivors (6144K)
 Metaspace       used 81245K, committed 82176K, reserved 1179648K
  class space    used 10720K, committed 11136K, reserved 1048576K
}
Event: 10074.307 GC heap before
{Heap before GC invocations=113 (full 2):
 garbage-first heap   total 131072K, used 109194K [0x0000000702600000, 0x0000000800000000)
  region size 2048K, 32 young (65536K), 3 survivors (6144K)
 Metaspace       used 81795K, committed 82816K, reserved 1179648K
  class space    used 10780K, committed 11264K, reserved 1048576K
}
Event: 10074.310 GC heap after
{Heap after GC invocations=114 (full 2):
 garbage-first heap   total 131072K, used 52920K [0x0000000702600000, 0x0000000800000000)
  region size 2048K, 4 young (8192K), 4 survivors (8192K)
 Metaspace       used 81795K, committed 82816K, reserved 1179648K
  class space    used 10780K, committed 11264K, reserved 1048576K
}
Event: 10110.685 GC heap before
{Heap before GC invocations=114 (full 2):
 garbage-first heap   total 131072K, used 108216K [0x0000000702600000, 0x0000000800000000)
  region size 2048K, 31 young (63488K), 4 survivors (8192K)
 Metaspace       used 81933K, committed 83008K, reserved 1179648K
  class space    used 10812K, committed 11328K, reserved 1048576K
}
Event: 10110.688 GC heap after
{Heap after GC invocations=115 (full 2):
 garbage-first heap   total 131072K, used 54076K [0x0000000702600000, 0x0000000800000000)
  region size 2048K, 3 young (6144K), 3 survivors (6144K)
 Metaspace       used 81933K, committed 83008K, reserved 1179648K
  class space    used 10812K, committed 11328K, reserved 1048576K
}
Event: 10287.113 GC heap before
{Heap before GC invocations=115 (full 2):
 garbage-first heap   total 131072K, used 111420K [0x0000000702600000, 0x0000000800000000)
  region size 2048K, 31 young (63488K), 3 survivors (6144K)
 Metaspace       used 81933K, committed 83008K, reserved 1179648K
  class space    used 10812K, committed 11328K, reserved 1048576K
}
Event: 10287.115 GC heap after
{Heap after GC invocations=116 (full 2):
 garbage-first heap   total 131072K, used 54222K [0x0000000702600000, 0x0000000800000000)
  region size 2048K, 2 young (4096K), 2 survivors (4096K)
 Metaspace       used 81933K, committed 83008K, reserved 1179648K
  class space    used 10812K, committed 11328K, reserved 1048576K
}
Event: 10326.585 GC heap before
{Heap before GC invocations=117 (full 2):
 garbage-first heap   total 131072K, used 70606K [0x0000000702600000, 0x0000000800000000)
  region size 2048K, 11 young (22528K), 2 survivors (4096K)
 Metaspace       used 81699K, committed 83008K, reserved 1179648K
  class space    used 10755K, committed 11328K, reserved 1048576K
}
Event: 10326.622 GC heap after
{Heap after GC invocations=118 (full 3):
 garbage-first heap   total 131072K, used 36759K [0x0000000702600000, 0x0000000800000000)
  region size 2048K, 0 young (0K), 0 survivors (0K)
 Metaspace       used 81499K, committed 83008K, reserved 1179648K
  class space    used 10710K, committed 11328K, reserved 1048576K
}
Event: 10327.394 GC heap before
{Heap before GC invocations=118 (full 3):
 garbage-first heap   total 131072K, used 114583K [0x0000000702600000, 0x0000000800000000)
  region size 2048K, 38 young (77824K), 0 survivors (0K)
 Metaspace       used 82128K, committed 83200K, reserved 1179648K
  class space    used 10818K, committed 11328K, reserved 1048576K
}
Event: 10327.397 GC heap after
{Heap after GC invocations=119 (full 3):
 garbage-first heap   total 131072K, used 44593K [0x0000000702600000, 0x0000000800000000)
  region size 2048K, 4 young (8192K), 4 survivors (8192K)
 Metaspace       used 82128K, committed 83200K, reserved 1179648K
  class space    used 10818K, committed 11328K, reserved 1048576K
}
Event: 10327.472 GC heap before
{Heap before GC invocations=120 (full 3):
 garbage-first heap   total 131072K, used 50737K [0x0000000702600000, 0x0000000800000000)
  region size 2048K, 8 young (16384K), 4 survivors (8192K)
 Metaspace       used 82139K, committed 83200K, reserved 1179648K
  class space    used 10821K, committed 11328K, reserved 1048576K
}
Event: 10327.475 GC heap after
{Heap after GC invocations=121 (full 3):
 garbage-first heap   total 131072K, used 45292K [0x0000000702600000, 0x0000000800000000)
  region size 2048K, 1 young (2048K), 1 survivors (2048K)
 Metaspace       used 82139K, committed 83200K, reserved 1179648K
  class space    used 10821K, committed 11328K, reserved 1048576K
}
Event: 10327.680 GC heap before
{Heap before GC invocations=122 (full 3):
 garbage-first heap   total 131072K, used 112876K [0x0000000702600000, 0x0000000800000000)
  region size 2048K, 34 young (69632K), 1 survivors (2048K)
 Metaspace       used 82527K, committed 83520K, reserved 1179648K
  class space    used 10868K, committed 11328K, reserved 1048576K
}
Event: 10327.682 GC heap after
{Heap after GC invocations=123 (full 3):
 garbage-first heap   total 131072K, used 46433K [0x0000000702600000, 0x0000000800000000)
  region size 2048K, 2 young (4096K), 2 survivors (4096K)
 Metaspace       used 82527K, committed 83520K, reserved 1179648K
  class space    used 10868K, committed 11328K, reserved 1048576K
}
Event: 10327.734 GC heap before
{Heap before GC invocations=123 (full 3):
 garbage-first heap   total 131072K, used 109921K [0x0000000702600000, 0x0000000800000000)
  region size 2048K, 33 young (67584K), 2 survivors (4096K)
 Metaspace       used 82724K, committed 83712K, reserved 1179648K
  class space    used 10879K, committed 11328K, reserved 1048576K
}
Event: 10327.735 GC heap after
{Heap after GC invocations=124 (full 3):
 garbage-first heap   total 131072K, used 47075K [0x0000000702600000, 0x0000000800000000)
  region size 2048K, 2 young (4096K), 2 survivors (4096K)
 Metaspace       used 82724K, committed 83712K, reserved 1179648K
  class space    used 10879K, committed 11328K, reserved 1048576K
}
Event: 11239.124 GC heap before
{Heap before GC invocations=124 (full 3):
 garbage-first heap   total 131072K, used 110563K [0x0000000702600000, 0x0000000800000000)
  region size 2048K, 34 young (69632K), 2 survivors (4096K)
 Metaspace       used 83732K, committed 84672K, reserved 1179648K
  class space    used 10949K, committed 11392K, reserved 1048576K
}

