# JRE version: OpenJDK Runtime Environment Temurin-21.0.8+9 (21.0.8+9) (build 21.0.8+9-LTS)
# Java VM: OpenJDK 64-Bit Server VM Temurin-21.0.8+9 (21.0.8+9-LTS, mixed mode, emulated-client, sharing, tiered, compressed oops, compressed class ptrs, g1 gc, windows-amd64)
GC Precious Log:
 CardTable entry size: 512
 Card Set container configuration: InlinePtr #cards 4 size 8 Array Of Cards #cards 16 size 48 Howl #buckets 8 coarsen threshold 3686 Howl Bitmap #cards 512 size 80 coarsen threshold 460 Card regions per heap region 1 cards per card region 4096
 CPUs: 16 total, 16 available
 Memory: 16226M
 Large Page Support: Disabled
 NUMA Support: Disabled
 Compressed Oops: Enabled (Zero based)
 Heap Region Size: 2M
 Heap Min Capacity: 8M
 Heap Initial Capacity: 254M
 Heap Max Capacity: 4058M
 Pre-touch: Disabled
 Parallel Workers: 13
 Concurrent Workers: 3
 Concurrent Refinement Workers: 13
 Periodic GC: Disabled
Heap:
 garbage-first heap   total 321536K, used 270157K [0x0000000702600000, 0x0000000800000000)
  region size 2048K, 94 young (192512K), 6 survivors (12288K)
 Metaspace       used 146289K, committed 147584K, reserved 1179648K
  class space    used 16800K, committed 17408K, reserved 1048576K
GC Heap History (20 events):
Event: 11925.269 GC heap after
{Heap after GC invocations=219 (full 8):
 garbage-first heap   total 348160K, used 101553K [0x0000000702600000, 0x0000000800000000)
  region size 2048K, 6 young (12288K), 6 survivors (12288K)
 Metaspace       used 140841K, committed 142208K, reserved 1179648K
  class space    used 16352K, committed 16960K, reserved 1048576K
}
Event: 11973.187 GC heap before
{Heap before GC invocations=219 (full 8):
 garbage-first heap   total 348160K, used 298161K [0x0000000702600000, 0x0000000800000000)
  region size 2048K, 102 young (208896K), 6 survivors (12288K)
 Metaspace       used 140841K, committed 142208K, reserved 1179648K
  class space    used 16352K, committed 16960K, reserved 1048576K
}
Event: 11973.190 GC heap after
{Heap after GC invocations=220 (full 8):
 garbage-first heap   total 348160K, used 100922K [0x0000000702600000, 0x0000000800000000)
  region size 2048K, 5 young (10240K), 5 survivors (10240K)
 Metaspace       used 140841K, committed 142208K, reserved 1179648K
  class space    used 16352K, committed 16960K, reserved 1048576K
}
Event: 12007.113 GC heap before
{Heap before GC invocations=221 (full 8):
 garbage-first heap   total 342016K, used 295482K [0x0000000702600000, 0x0000000800000000)
  region size 2048K, 100 young (204800K), 5 survivors (10240K)
 Metaspace       used 141420K, committed 142592K, reserved 1179648K
  class space    used 16426K, committed 16960K, reserved 1048576K
}
Event: 12007.118 GC heap after
{Heap after GC invocations=222 (full 8):
 garbage-first heap   total 342016K, used 107064K [0x0000000702600000, 0x0000000800000000)
  region size 2048K, 8 young (16384K), 8 survivors (16384K)
 Metaspace       used 141420K, committed 142592K, reserved 1179648K
  class space    used 16426K, committed 16960K, reserved 1048576K
}
Event: 12007.699 GC heap before
{Heap before GC invocations=222 (full 8):
 garbage-first heap   total 342016K, used 293432K [0x0000000702600000, 0x0000000800000000)
  region size 2048K, 100 young (204800K), 8 survivors (16384K)
 Metaspace       used 142409K, committed 143680K, reserved 1179648K
  class space    used 16506K, committed 17088K, reserved 1048576K
}
Event: 12007.704 GC heap after
{Heap after GC invocations=223 (full 8):
 garbage-first heap   total 342016K, used 95920K [0x0000000702600000, 0x0000000800000000)
  region size 2048K, 7 young (14336K), 7 survivors (14336K)
 Metaspace       used 142409K, committed 143680K, reserved 1179648K
  class space    used 16506K, committed 17088K, reserved 1048576K
}
Event: 12012.734 GC heap before
{Heap before GC invocations=223 (full 8):
 garbage-first heap   total 342016K, used 286384K [0x0000000702600000, 0x0000000800000000)
  region size 2048K, 100 young (204800K), 7 survivors (14336K)
 Metaspace       used 143569K, committed 144832K, reserved 1179648K
  class space    used 16579K, committed 17152K, reserved 1048576K
}
Event: 12012.738 GC heap after
{Heap after GC invocations=224 (full 8):
 garbage-first heap   total 342016K, used 94109K [0x0000000702600000, 0x0000000800000000)
  region size 2048K, 6 young (12288K), 6 survivors (12288K)
 Metaspace       used 143569K, committed 144832K, reserved 1179648K
  class space    used 16579K, committed 17152K, reserved 1048576K
}
Event: 12040.668 GC heap before
{Heap before GC invocations=225 (full 8):
 garbage-first heap   total 321536K, used 272285K [0x0000000702600000, 0x0000000800000000)
  region size 2048K, 94 young (192512K), 6 survivors (12288K)
 Metaspace       used 144212K, committed 145408K, reserved 1179648K
  class space    used 16658K, committed 17216K, reserved 1048576K
}
Event: 12040.676 GC heap after
{Heap after GC invocations=226 (full 8):
 garbage-first heap   total 321536K, used 99073K [0x0000000702600000, 0x0000000800000000)
  region size 2048K, 9 young (18432K), 9 survivors (18432K)
 Metaspace       used 144212K, committed 145408K, reserved 1179648K
  class space    used 16658K, committed 17216K, reserved 1048576K
}
Event: 12041.255 GC heap before
{Heap before GC invocations=226 (full 8):
 garbage-first heap   total 321536K, used 271105K [0x0000000702600000, 0x0000000800000000)
  region size 2048K, 94 young (192512K), 9 survivors (18432K)
 Metaspace       used 145126K, committed 146368K, reserved 1179648K
  class space    used 16733K, committed 17280K, reserved 1048576K
}
Event: 12041.261 GC heap after
{Heap after GC invocations=227 (full 8):
 garbage-first heap   total 321536K, used 91938K [0x0000000702600000, 0x0000000800000000)
  region size 2048K, 9 young (18432K), 9 survivors (18432K)
 Metaspace       used 145126K, committed 146368K, reserved 1179648K
  class space    used 16733K, committed 17280K, reserved 1048576K
}
Event: 12041.563 GC heap before
{Heap before GC invocations=227 (full 8):
 garbage-first heap   total 321536K, used 266018K [0x0000000702600000, 0x0000000800000000)
  region size 2048K, 94 young (192512K), 9 survivors (18432K)
 Metaspace       used 146066K, committed 147328K, reserved 1179648K
  class space    used 16793K, committed 17408K, reserved 1048576K
}
Event: 12041.568 GC heap after
{Heap after GC invocations=228 (full 8):
 garbage-first heap   total 321536K, used 95692K [0x0000000702600000, 0x0000000800000000)
  region size 2048K, 9 young (18432K), 9 survivors (18432K)
 Metaspace       used 146066K, committed 147328K, reserved 1179648K
  class space    used 16793K, committed 17408K, reserved 1048576K
}
Event: 12077.685 GC heap before
{Heap before GC invocations=229 (full 8):
 garbage-first heap   total 321536K, used 267724K [0x0000000702600000, 0x0000000800000000)
  region size 2048K, 94 young (192512K), 9 survivors (18432K)
 Metaspace       used 146289K, committed 147584K, reserved 1179648K
  class space    used 16800K, committed 17408K, reserved 1048576K
}
Event: 12077.689 GC heap after
{Heap after GC invocations=230 (full 8):
 garbage-first heap   total 321536K, used 93772K [0x0000000702600000, 0x0000000800000000)
  region size 2048K, 5 young (10240K), 5 survivors (10240K)
 Metaspace       used 146289K, committed 147584K, reserved 1179648K
  class space    used 16800K, committed 17408K, reserved 1048576K
}
Event: 12117.262 GC heap before
{Heap before GC invocations=230 (full 8):
 garbage-first heap   total 321536K, used 276044K [0x0000000702600000, 0x0000000800000000)
  region size 2048K, 94 young (192512K), 5 survivors (10240K)
 Metaspace       used 146289K, committed 147584K, reserved 1179648K
  class space    used 16800K, committed 17408K, reserved 1048576K
}
Event: 12117.266 GC heap after
{Heap after GC invocations=231 (full 8):
 garbage-first heap   total 321536K, used 89933K [0x0000000702600000, 0x0000000800000000)
  region size 2048K, 6 young (12288K), 6 survivors (12288K)
 Metaspace       used 146289K, committed 147584K, reserved 1179648K
  class space    used 16800K, committed 17408K, reserved 1048576K
}
Event: 12156.897 GC heap before
{Heap before GC invocations=231 (full 8):
 garbage-first heap   total 321536K, used 270157K [0x0000000702600000, 0x0000000800000000)
  region size 2048K, 94 young (192512K), 6 survivors (12288K)
 Metaspace       used 146289K, committed 147584K, reserved 1179648K
  class space    used 16800K, committed 17408K, reserved 1048576K
}

