# JRE version: OpenJDK Runtime Environment Temurin-21.0.8+9 (21.0.8+9) (build 21.0.8+9-LTS)
# Java VM: OpenJDK 64-Bit Server VM Temurin-21.0.8+9 (21.0.8+9-LTS, mixed mode, emulated-client, sharing, tiered, compressed oops, compressed class ptrs, g1 gc, windows-amd64)
GC Precious Log:
 CardTable entry size: 512
 Card Set container configuration: InlinePtr #cards 4 size 8 Array Of Cards #cards 16 size 48 Howl #buckets 8 coarsen threshold 3686 Howl Bitmap #cards 512 size 80 coarsen threshold 460 Card regions per heap region 1 cards per card region 4096
 CPUs: 16 total, 16 available
 Memory: 16226M
 Large Page Support: Disabled
 NUMA Support: Disabled
 Compressed Oops: Enabled (Zero based)
 Heap Region Size: 2M
 Heap Min Capacity: 8M
 Heap Initial Capacity: 254M
 Heap Max Capacity: 4058M
 Pre-touch: Disabled
 Parallel Workers: 13
 Concurrent Workers: 3
 Concurrent Refinement Workers: 13
 Periodic GC: Disabled
Heap:
 garbage-first heap   total 122880K, used 105923K [0x0000000702600000, 0x0000000800000000)
  region size 2048K, 32 young (65536K), 2 survivors (4096K)
 Metaspace       used 101269K, committed 102464K, reserved 1179648K
  class space    used 12717K, committed 13248K, reserved 1048576K
GC Heap History (20 events):
Event: 6902.907 GC heap after
{Heap after GC invocations=198 (full 23):
 garbage-first heap   total 157696K, used 50718K [0x0000000702600000, 0x0000000800000000)
  region size 2048K, 3 young (6144K), 3 survivors (6144K)
 Metaspace       used 99339K, committed 100352K, reserved 1179648K
  class space    used 12477K, committed 12928K, reserved 1048576K
}
Event: 7121.505 GC heap before
{Heap before GC invocations=199 (full 23):
 garbage-first heap   total 157696K, used 134686K [0x0000000702600000, 0x0000000800000000)
  region size 2048K, 44 young (90112K), 3 survivors (6144K)
 Metaspace       used 99339K, committed 100352K, reserved 1179648K
  class space    used 12477K, committed 12928K, reserved 1048576K
}
Event: 7121.506 GC heap after
{Heap after GC invocations=200 (full 23):
 garbage-first heap   total 157696K, used 50362K [0x0000000702600000, 0x0000000800000000)
  region size 2048K, 3 young (6144K), 3 survivors (6144K)
 Metaspace       used 99339K, committed 100352K, reserved 1179648K
  class space    used 12477K, committed 12928K, reserved 1048576K
}
Event: 7238.005 GC heap before
{Heap before GC invocations=200 (full 23):
 garbage-first heap   total 157696K, used 99514K [0x0000000702600000, 0x0000000800000000)
  region size 2048K, 28 young (57344K), 3 survivors (6144K)
 Metaspace       used 99349K, committed 100352K, reserved 1179648K
  class space    used 12479K, committed 12928K, reserved 1048576K
}
Event: 7238.036 GC heap after
{Heap after GC invocations=201 (full 24):
 garbage-first heap   total 122880K, used 32985K [0x0000000702600000, 0x0000000800000000)
  region size 2048K, 0 young (0K), 0 survivors (0K)
 Metaspace       used 99222K, committed 100352K, reserved 1179648K
  class space    used 12450K, committed 12928K, reserved 1048576K
}
Event: 7238.656 GC heap before
{Heap before GC invocations=201 (full 24):
 garbage-first heap   total 122880K, used 104665K [0x0000000702600000, 0x0000000800000000)
  region size 2048K, 36 young (73728K), 0 survivors (0K)
 Metaspace       used 99679K, committed 100736K, reserved 1179648K
  class space    used 12537K, committed 12992K, reserved 1048576K
}
Event: 7238.659 GC heap after
{Heap after GC invocations=202 (full 24):
 garbage-first heap   total 122880K, used 40407K [0x0000000702600000, 0x0000000800000000)
  region size 2048K, 4 young (8192K), 4 survivors (8192K)
 Metaspace       used 99679K, committed 100736K, reserved 1179648K
  class space    used 12537K, committed 12992K, reserved 1048576K
}
Event: 7238.816 GC heap before
{Heap before GC invocations=203 (full 24):
 garbage-first heap   total 122880K, used 103895K [0x0000000702600000, 0x0000000800000000)
  region size 2048K, 35 young (71680K), 4 survivors (8192K)
 Metaspace       used 99899K, committed 100992K, reserved 1179648K
  class space    used 12562K, committed 13056K, reserved 1048576K
}
Event: 7238.819 GC heap after
{Heap after GC invocations=204 (full 24):
 garbage-first heap   total 122880K, used 42020K [0x0000000702600000, 0x0000000800000000)
  region size 2048K, 2 young (4096K), 2 survivors (4096K)
 Metaspace       used 99899K, committed 100992K, reserved 1179648K
  class space    used 12562K, committed 13056K, reserved 1048576K
}
Event: 7239.023 GC heap before
{Heap before GC invocations=204 (full 24):
 garbage-first heap   total 122880K, used 105508K [0x0000000702600000, 0x0000000800000000)
  region size 2048K, 33 young (67584K), 2 survivors (4096K)
 Metaspace       used 100496K, committed 101632K, reserved 1179648K
  class space    used 12608K, committed 13120K, reserved 1048576K
}
Event: 7239.025 GC heap after
{Heap after GC invocations=205 (full 24):
 garbage-first heap   total 122880K, used 44228K [0x0000000702600000, 0x0000000800000000)
  region size 2048K, 3 young (6144K), 3 survivors (6144K)
 Metaspace       used 100496K, committed 101632K, reserved 1179648K
  class space    used 12608K, committed 13120K, reserved 1048576K
}
Event: 7239.380 GC heap before
{Heap before GC invocations=205 (full 24):
 garbage-first heap   total 122880K, used 105668K [0x0000000702600000, 0x0000000800000000)
  region size 2048K, 33 young (67584K), 3 survivors (6144K)
 Metaspace       used 100663K, committed 101824K, reserved 1179648K
  class space    used 12654K, committed 13184K, reserved 1048576K
}
Event: 7239.383 GC heap after
{Heap after GC invocations=206 (full 24):
 garbage-first heap   total 122880K, used 47543K [0x0000000702600000, 0x0000000800000000)
  region size 2048K, 4 young (8192K), 4 survivors (8192K)
 Metaspace       used 100663K, committed 101824K, reserved 1179648K
  class space    used 12654K, committed 13184K, reserved 1048576K
}
Event: 7268.651 GC heap before
{Heap before GC invocations=207 (full 24):
 garbage-first heap   total 122880K, used 65975K [0x0000000702600000, 0x0000000800000000)
  region size 2048K, 14 young (28672K), 4 survivors (8192K)
 Metaspace       used 100720K, committed 101888K, reserved 1179648K
  class space    used 12664K, committed 13184K, reserved 1048576K
}
Event: 7268.688 GC heap after
{Heap after GC invocations=208 (full 25):
 garbage-first heap   total 122880K, used 37248K [0x0000000702600000, 0x0000000800000000)
  region size 2048K, 0 young (0K), 0 survivors (0K)
 Metaspace       used 100547K, committed 101888K, reserved 1179648K
  class space    used 12624K, committed 13184K, reserved 1048576K
}
Event: 7269.499 GC heap before
{Heap before GC invocations=208 (full 25):
 garbage-first heap   total 122880K, used 106880K [0x0000000702600000, 0x0000000800000000)
  region size 2048K, 34 young (69632K), 0 survivors (0K)
 Metaspace       used 100892K, committed 102080K, reserved 1179648K
  class space    used 12683K, committed 13184K, reserved 1048576K
}
Event: 7269.502 GC heap after
{Heap after GC invocations=209 (full 25):
 garbage-first heap   total 122880K, used 43203K [0x0000000702600000, 0x0000000800000000)
  region size 2048K, 3 young (6144K), 3 survivors (6144K)
 Metaspace       used 100892K, committed 102080K, reserved 1179648K
  class space    used 12683K, committed 13184K, reserved 1048576K
}
Event: 7269.671 GC heap before
{Heap before GC invocations=210 (full 25):
 garbage-first heap   total 122880K, used 106691K [0x0000000702600000, 0x0000000800000000)
  region size 2048K, 34 young (69632K), 3 survivors (6144K)
 Metaspace       used 101067K, committed 102272K, reserved 1179648K
  class space    used 12698K, committed 13184K, reserved 1048576K
}
Event: 7269.674 GC heap after
{Heap after GC invocations=211 (full 25):
 garbage-first heap   total 122880K, used 44483K [0x0000000702600000, 0x0000000800000000)
  region size 2048K, 2 young (4096K), 2 survivors (4096K)
 Metaspace       used 101067K, committed 102272K, reserved 1179648K
  class space    used 12698K, committed 13184K, reserved 1048576K
}
Event: 7409.832 GC heap before
{Heap before GC invocations=211 (full 25):
 garbage-first heap   total 122880K, used 105923K [0x0000000702600000, 0x0000000800000000)
  region size 2048K, 32 young (65536K), 2 survivors (4096K)
 Metaspace       used 101269K, committed 102464K, reserved 1179648K
  class space    used 12717K, committed 13248K, reserved 1048576K
}

